{"C:\\Users\\gksrl\\Desktop\\mohobby-server\\server\\server.js": {"path":"C:\\Users\\gksrl\\Desktop\\mohobby-server\\server\\server.js","statementMap":{"0":{"start":{"line":1,"column":16},"end":{"line":1,"column":34}},"1":{"start":{"line":2,"column":21},"end":{"line":2,"column":45}},"2":{"start":{"line":3,"column":15},"end":{"line":3,"column":32}},"3":{"start":{"line":4,"column":13},"end":{"line":4,"column":28}},"4":{"start":{"line":5,"column":16},"end":{"line":5,"column":42}},"5":{"start":{"line":6,"column":15},"end":{"line":6,"column":32}},"6":{"start":{"line":7,"column":13},"end":{"line":7,"column":28}},"7":{"start":{"line":8,"column":17},"end":{"line":8,"column":36}},"8":{"start":{"line":9,"column":23},"end":{"line":9,"column":50}},"9":{"start":{"line":10,"column":11},"end":{"line":10,"column":33}},"10":{"start":{"line":11,"column":33},"end":{"line":11,"column":58}},"11":{"start":{"line":13,"column":0},"end":{"line":13,"column":16}},"12":{"start":{"line":14,"column":0},"end":{"line":14,"column":17}},"13":{"start":{"line":16,"column":20},"end":{"line":16,"column":39}},"14":{"start":{"line":18,"column":12},"end":{"line":18,"column":21}},"15":{"start":{"line":19,"column":0},"end":{"line":19,"column":22}},"16":{"start":{"line":21,"column":0},"end":{"line":24,"column":3}},"17":{"start":{"line":22,"column":2},"end":{"line":22,"column":20}},"18":{"start":{"line":22,"column":10},"end":{"line":22,"column":20}},"19":{"start":{"line":23,"column":2},"end":{"line":23,"column":36}},"20":{"start":{"line":26,"column":0},"end":{"line":34,"column":5}},"21":{"start":{"line":27,"column":2},"end":{"line":33,"column":3}},"22":{"start":{"line":32,"column":4},"end":{"line":32,"column":23}},"23":{"start":{"line":36,"column":0},"end":{"line":36,"column":23}},"24":{"start":{"line":37,"column":0},"end":{"line":37,"column":16}},"25":{"start":{"line":38,"column":0},"end":{"line":38,"column":56}},"26":{"start":{"line":39,"column":0},"end":{"line":39,"column":24}},"27":{"start":{"line":40,"column":0},"end":{"line":40,"column":49}},"28":{"start":{"line":41,"column":0},"end":{"line":41,"column":49}},"29":{"start":{"line":42,"column":0},"end":{"line":50,"column":4}},"30":{"start":{"line":51,"column":0},"end":{"line":51,"column":31}},"31":{"start":{"line":52,"column":0},"end":{"line":52,"column":28}},"32":{"start":{"line":55,"column":0},"end":{"line":55,"column":25}},"33":{"start":{"line":57,"column":0},"end":{"line":60,"column":3}},"34":{"start":{"line":59,"column":2},"end":{"line":59,"column":48}},"35":{"start":{"line":64,"column":0},"end":{"line":67,"column":3}},"36":{"start":{"line":65,"column":2},"end":{"line":65,"column":21}},"37":{"start":{"line":66,"column":2},"end":{"line":66,"column":36}},"38":{"start":{"line":69,"column":0},"end":{"line":69,"column":21}}},"fnMap":{"0":{"name":"(anonymous_0)","decl":{"start":{"line":21,"column":11},"end":{"line":21,"column":12}},"loc":{"start":{"line":21,"column":20},"end":{"line":24,"column":1}},"line":21},"1":{"name":"(anonymous_1)","decl":{"start":{"line":26,"column":1},"end":{"line":26,"column":2}},"loc":{"start":{"line":26,"column":13},"end":{"line":34,"column":1}},"line":26},"2":{"name":"(anonymous_2)","decl":{"start":{"line":57,"column":8},"end":{"line":57,"column":9}},"loc":{"start":{"line":57,"column":28},"end":{"line":60,"column":1}},"line":57},"3":{"name":"(anonymous_3)","decl":{"start":{"line":64,"column":8},"end":{"line":64,"column":9}},"loc":{"start":{"line":64,"column":33},"end":{"line":67,"column":1}},"line":64}},"branchMap":{"0":{"loc":{"start":{"line":22,"column":2},"end":{"line":22,"column":20}},"type":"if","locations":[{"start":{"line":22,"column":2},"end":{"line":22,"column":20}},{"start":{"line":22,"column":2},"end":{"line":22,"column":20}}],"line":22}},"s":{"0":3,"1":3,"2":3,"3":3,"4":3,"5":3,"6":3,"7":3,"8":3,"9":3,"10":3,"11":3,"12":3,"13":3,"14":3,"15":3,"16":3,"17":3,"18":0,"19":3,"20":3,"21":3,"22":0,"23":3,"24":3,"25":3,"26":3,"27":3,"28":3,"29":3,"30":3,"31":3,"32":3,"33":3,"34":0,"35":3,"36":0,"37":0,"38":3},"f":{"0":3,"1":3,"2":0,"3":0},"b":{"0":[0,3]},"_coverageSchema":"1a1c01bbd47fc00a2c39e90264f33305004495a9","hash":"bb481a5fee13b4cef2f0c4c2df9e33af6087510b"}
,"C:\\Users\\gksrl\\Desktop\\mohobby-server\\server\\config\\db.js": {"path":"C:\\Users\\gksrl\\Desktop\\mohobby-server\\server\\config\\db.js","statementMap":{"0":{"start":{"line":1,"column":14},"end":{"line":1,"column":31}},"1":{"start":{"line":2,"column":0},"end":{"line":2,"column":27}},"2":{"start":{"line":13,"column":11},"end":{"line":19,"column":2}},"3":{"start":{"line":22,"column":0},"end":{"line":22,"column":20}}},"fnMap":{},"branchMap":{},"s":{"0":3,"1":3,"2":3,"3":3},"f":{},"b":{},"_coverageSchema":"1a1c01bbd47fc00a2c39e90264f33305004495a9","hash":"2e979a6de5a14fed5019ca3b38f6f24d4917da19"}
,"C:\\Users\\gksrl\\Desktop\\mohobby-server\\server\\config\\table.js": {"path":"C:\\Users\\gksrl\\Desktop\\mohobby-server\\server\\config\\table.js","statementMap":{"0":{"start":{"line":5,"column":11},"end":{"line":5,"column":26}},"1":{"start":{"line":6,"column":27},"end":{"line":6,"column":53}},"2":{"start":{"line":8,"column":24},"end":{"line":8,"column":46}},"3":{"start":{"line":9,"column":23},"end":{"line":9,"column":44}},"4":{"start":{"line":10,"column":24},"end":{"line":10,"column":46}},"5":{"start":{"line":11,"column":21},"end":{"line":11,"column":40}},"6":{"start":{"line":12,"column":24},"end":{"line":12,"column":46}},"7":{"start":{"line":14,"column":21},"end":{"line":24,"column":1}},"8":{"start":{"line":26,"column":24},"end":{"line":35,"column":1}},"9":{"start":{"line":37,"column":24},"end":{"line":43,"column":1}},"10":{"start":{"line":45,"column":23},"end":{"line":60,"column":1}},"11":{"start":{"line":62,"column":24},"end":{"line":77,"column":1}},"12":{"start":{"line":80,"column":0},"end":{"line":91,"column":2}},"13":{"start":{"line":81,"column":4},"end":{"line":90,"column":5}},"14":{"start":{"line":82,"column":8},"end":{"line":82,"column":52}},"15":{"start":{"line":83,"column":8},"end":{"line":83,"column":51}},"16":{"start":{"line":84,"column":8},"end":{"line":84,"column":52}},"17":{"start":{"line":85,"column":8},"end":{"line":85,"column":49}},"18":{"start":{"line":86,"column":8},"end":{"line":86,"column":52}},"19":{"start":{"line":89,"column":8},"end":{"line":89,"column":27}},"20":{"start":{"line":93,"column":0},"end":{"line":108,"column":2}},"21":{"start":{"line":94,"column":4},"end":{"line":107,"column":5}},"22":{"start":{"line":95,"column":8},"end":{"line":95,"column":52}},"23":{"start":{"line":96,"column":8},"end":{"line":96,"column":49}},"24":{"start":{"line":97,"column":8},"end":{"line":97,"column":52}},"25":{"start":{"line":98,"column":8},"end":{"line":98,"column":51}},"26":{"start":{"line":99,"column":8},"end":{"line":99,"column":52}},"27":{"start":{"line":101,"column":21},"end":{"line":101,"column":55}},"28":{"start":{"line":102,"column":20},"end":{"line":102,"column":97}},"29":{"start":{"line":103,"column":8},"end":{"line":103,"column":48}},"30":{"start":{"line":106,"column":8},"end":{"line":106,"column":27}}},"fnMap":{"0":{"name":"(anonymous_0)","decl":{"start":{"line":80,"column":20},"end":{"line":80,"column":21}},"loc":{"start":{"line":80,"column":32},"end":{"line":91,"column":1}},"line":80},"1":{"name":"(anonymous_1)","decl":{"start":{"line":93,"column":20},"end":{"line":93,"column":21}},"loc":{"start":{"line":93,"column":32},"end":{"line":108,"column":1}},"line":93}},"branchMap":{},"s":{"0":3,"1":3,"2":3,"3":3,"4":3,"5":3,"6":3,"7":3,"8":3,"9":3,"10":3,"11":3,"12":3,"13":3,"14":3,"15":3,"16":3,"17":3,"18":3,"19":0,"20":3,"21":3,"22":3,"23":3,"24":3,"25":3,"26":3,"27":3,"28":3,"29":3,"30":0},"f":{"0":3,"1":3},"b":{},"_coverageSchema":"1a1c01bbd47fc00a2c39e90264f33305004495a9","hash":"b0d4ef27423a226431566196ec8b22aa9f6d4827"}
,"C:\\Users\\gksrl\\Desktop\\mohobby-server\\server\\controllers\\auth.js": {"path":"C:\\Users\\gksrl\\Desktop\\mohobby-server\\server\\controllers\\auth.js","statementMap":{"0":{"start":{"line":1,"column":11},"end":{"line":1,"column":34}},"1":{"start":{"line":2,"column":17},"end":{"line":2,"column":36}},"2":{"start":{"line":4,"column":20},"end":{"line":4,"column":54}},"3":{"start":{"line":5,"column":61},"end":{"line":5,"column":91}},"4":{"start":{"line":6,"column":30},"end":{"line":6,"column":62}},"5":{"start":{"line":8,"column":0},"end":{"line":22,"column":2}},"6":{"start":{"line":9,"column":4},"end":{"line":21,"column":5}},"7":{"start":{"line":10,"column":8},"end":{"line":10,"column":46}},"8":{"start":{"line":11,"column":26},"end":{"line":11,"column":34}},"9":{"start":{"line":12,"column":22},"end":{"line":12,"column":54}},"10":{"start":{"line":13,"column":8},"end":{"line":13,"column":76}},"11":{"start":{"line":13,"column":41},"end":{"line":13,"column":76}},"12":{"start":{"line":15,"column":36},"end":{"line":15,"column":55}},"13":{"start":{"line":16,"column":36},"end":{"line":16,"column":78}},"14":{"start":{"line":17,"column":8},"end":{"line":17,"column":45}},"15":{"start":{"line":20,"column":8},"end":{"line":20,"column":18}},"16":{"start":{"line":24,"column":0},"end":{"line":38,"column":2}},"17":{"start":{"line":25,"column":4},"end":{"line":37,"column":5}},"18":{"start":{"line":26,"column":8},"end":{"line":26,"column":41}},"19":{"start":{"line":27,"column":46},"end":{"line":27,"column":54}},"20":{"start":{"line":28,"column":22},"end":{"line":28,"column":73}},"21":{"start":{"line":29,"column":8},"end":{"line":29,"column":76}},"22":{"start":{"line":29,"column":41},"end":{"line":29,"column":76}},"23":{"start":{"line":31,"column":36},"end":{"line":31,"column":55}},"24":{"start":{"line":32,"column":36},"end":{"line":32,"column":93}},"25":{"start":{"line":33,"column":8},"end":{"line":33,"column":45}},"26":{"start":{"line":36,"column":8},"end":{"line":36,"column":18}},"27":{"start":{"line":40,"column":0},"end":{"line":67,"column":2}},"28":{"start":{"line":41,"column":4},"end":{"line":49,"column":5}},"29":{"start":{"line":42,"column":8},"end":{"line":42,"column":42}},"30":{"start":{"line":43,"column":36},"end":{"line":43,"column":44}},"31":{"start":{"line":44,"column":22},"end":{"line":44,"column":64}},"32":{"start":{"line":45,"column":8},"end":{"line":45,"column":76}},"33":{"start":{"line":45,"column":41},"end":{"line":45,"column":76}},"34":{"start":{"line":48,"column":8},"end":{"line":48,"column":18}},"35":{"start":{"line":51,"column":4},"end":{"line":66,"column":23}},"36":{"start":{"line":52,"column":8},"end":{"line":55,"column":9}},"37":{"start":{"line":53,"column":12},"end":{"line":53,"column":47}},"38":{"start":{"line":54,"column":12},"end":{"line":54,"column":62}},"39":{"start":{"line":56,"column":8},"end":{"line":56,"column":68}},"40":{"start":{"line":56,"column":18},"end":{"line":56,"column":68}},"41":{"start":{"line":57,"column":8},"end":{"line":65,"column":11}},"42":{"start":{"line":58,"column":12},"end":{"line":58,"column":51}},"43":{"start":{"line":58,"column":25},"end":{"line":58,"column":51}},"44":{"start":{"line":59,"column":32},"end":{"line":59,"column":59}},"45":{"start":{"line":60,"column":12},"end":{"line":64,"column":15}},"46":{"start":{"line":69,"column":0},"end":{"line":79,"column":2}},"47":{"start":{"line":70,"column":4},"end":{"line":78,"column":5}},"48":{"start":{"line":71,"column":8},"end":{"line":71,"column":43}},"49":{"start":{"line":72,"column":8},"end":{"line":72,"column":21}},"50":{"start":{"line":73,"column":8},"end":{"line":73,"column":30}},"51":{"start":{"line":74,"column":8},"end":{"line":74,"column":28}},"52":{"start":{"line":77,"column":8},"end":{"line":77,"column":18}}},"fnMap":{"0":{"name":"(anonymous_0)","decl":{"start":{"line":8,"column":20},"end":{"line":8,"column":21}},"loc":{"start":{"line":8,"column":46},"end":{"line":22,"column":1}},"line":8},"1":{"name":"(anonymous_1)","decl":{"start":{"line":24,"column":15},"end":{"line":24,"column":16}},"loc":{"start":{"line":24,"column":41},"end":{"line":38,"column":1}},"line":24},"2":{"name":"(anonymous_2)","decl":{"start":{"line":40,"column":16},"end":{"line":40,"column":17}},"loc":{"start":{"line":40,"column":42},"end":{"line":67,"column":1}},"line":40},"3":{"name":"(anonymous_3)","decl":{"start":{"line":51,"column":35},"end":{"line":51,"column":36}},"loc":{"start":{"line":51,"column":62},"end":{"line":66,"column":5}},"line":51},"4":{"name":"(anonymous_4)","decl":{"start":{"line":57,"column":31},"end":{"line":57,"column":32}},"loc":{"start":{"line":57,"column":45},"end":{"line":65,"column":9}},"line":57},"5":{"name":"(anonymous_5)","decl":{"start":{"line":69,"column":17},"end":{"line":69,"column":18}},"loc":{"start":{"line":69,"column":43},"end":{"line":79,"column":1}},"line":69}},"branchMap":{"0":{"loc":{"start":{"line":13,"column":8},"end":{"line":13,"column":76}},"type":"if","locations":[{"start":{"line":13,"column":8},"end":{"line":13,"column":76}},{"start":{"line":13,"column":8},"end":{"line":13,"column":76}}],"line":13},"1":{"loc":{"start":{"line":29,"column":8},"end":{"line":29,"column":76}},"type":"if","locations":[{"start":{"line":29,"column":8},"end":{"line":29,"column":76}},{"start":{"line":29,"column":8},"end":{"line":29,"column":76}}],"line":29},"2":{"loc":{"start":{"line":45,"column":8},"end":{"line":45,"column":76}},"type":"if","locations":[{"start":{"line":45,"column":8},"end":{"line":45,"column":76}},{"start":{"line":45,"column":8},"end":{"line":45,"column":76}}],"line":45},"3":{"loc":{"start":{"line":52,"column":8},"end":{"line":55,"column":9}},"type":"if","locations":[{"start":{"line":52,"column":8},"end":{"line":55,"column":9}},{"start":{"line":52,"column":8},"end":{"line":55,"column":9}}],"line":52},"4":{"loc":{"start":{"line":56,"column":8},"end":{"line":56,"column":68}},"type":"if","locations":[{"start":{"line":56,"column":8},"end":{"line":56,"column":68}},{"start":{"line":56,"column":8},"end":{"line":56,"column":68}}],"line":56},"5":{"loc":{"start":{"line":58,"column":12},"end":{"line":58,"column":51}},"type":"if","locations":[{"start":{"line":58,"column":12},"end":{"line":58,"column":51}},{"start":{"line":58,"column":12},"end":{"line":58,"column":51}}],"line":58}},"s":{"0":3,"1":3,"2":3,"3":3,"4":3,"5":3,"6":0,"7":0,"8":0,"9":0,"10":0,"11":0,"12":0,"13":0,"14":0,"15":0,"16":3,"17":2,"18":2,"19":2,"20":2,"21":2,"22":0,"23":2,"24":2,"25":2,"26":0,"27":3,"28":4,"29":4,"30":4,"31":4,"32":4,"33":1,"34":0,"35":3,"36":3,"37":0,"38":0,"39":3,"40":0,"41":3,"42":3,"43":0,"44":3,"45":3,"46":3,"47":1,"48":1,"49":1,"50":1,"51":1,"52":0},"f":{"0":0,"1":2,"2":4,"3":3,"4":3,"5":1},"b":{"0":[0,0],"1":[0,2],"2":[1,3],"3":[0,3],"4":[0,3],"5":[0,3]},"_coverageSchema":"1a1c01bbd47fc00a2c39e90264f33305004495a9","hash":"d73dd5de58c675b790d815efa0d3f77abe86b567"}
,"C:\\Users\\gksrl\\Desktop\\mohobby-server\\server\\controllers\\exam.js": {"path":"C:\\Users\\gksrl\\Desktop\\mohobby-server\\server\\controllers\\exam.js","statementMap":{"0":{"start":{"line":1,"column":11},"end":{"line":1,"column":34}},"1":{"start":{"line":3,"column":0},"end":{"line":11,"column":2}},"2":{"start":{"line":4,"column":4},"end":{"line":10,"column":5}},"3":{"start":{"line":5,"column":8},"end":{"line":5,"column":30}},"4":{"start":{"line":6,"column":8},"end":{"line":6,"column":42}},"5":{"start":{"line":9,"column":8},"end":{"line":9,"column":27}},"6":{"start":{"line":13,"column":0},"end":{"line":23,"column":2}},"7":{"start":{"line":14,"column":4},"end":{"line":22,"column":5}},"8":{"start":{"line":15,"column":8},"end":{"line":15,"column":33}},"9":{"start":{"line":16,"column":34},"end":{"line":16,"column":83}},"10":{"start":{"line":17,"column":8},"end":{"line":17,"column":29}},"11":{"start":{"line":18,"column":8},"end":{"line":18,"column":42}},"12":{"start":{"line":21,"column":8},"end":{"line":21,"column":18}},"13":{"start":{"line":25,"column":0},"end":{"line":34,"column":2}},"14":{"start":{"line":26,"column":4},"end":{"line":33,"column":5}},"15":{"start":{"line":27,"column":23},"end":{"line":27,"column":72}},"16":{"start":{"line":28,"column":8},"end":{"line":28,"column":28}},"17":{"start":{"line":29,"column":8},"end":{"line":29,"column":43}},"18":{"start":{"line":32,"column":8},"end":{"line":32,"column":27}},"19":{"start":{"line":36,"column":0},"end":{"line":45,"column":2}},"20":{"start":{"line":37,"column":4},"end":{"line":44,"column":5}},"21":{"start":{"line":38,"column":23},"end":{"line":38,"column":68}},"22":{"start":{"line":39,"column":8},"end":{"line":39,"column":36}},"23":{"start":{"line":40,"column":8},"end":{"line":40,"column":49}},"24":{"start":{"line":43,"column":8},"end":{"line":43,"column":27}}},"fnMap":{"0":{"name":"(anonymous_0)","decl":{"start":{"line":3,"column":15},"end":{"line":3,"column":16}},"loc":{"start":{"line":3,"column":41},"end":{"line":11,"column":1}},"line":3},"1":{"name":"(anonymous_1)","decl":{"start":{"line":13,"column":17},"end":{"line":13,"column":18}},"loc":{"start":{"line":13,"column":43},"end":{"line":23,"column":1}},"line":13},"2":{"name":"(anonymous_2)","decl":{"start":{"line":25,"column":19},"end":{"line":25,"column":20}},"loc":{"start":{"line":25,"column":39},"end":{"line":34,"column":1}},"line":25},"3":{"name":"(anonymous_3)","decl":{"start":{"line":36,"column":20},"end":{"line":36,"column":21}},"loc":{"start":{"line":36,"column":40},"end":{"line":45,"column":1}},"line":36}},"branchMap":{},"s":{"0":3,"1":3,"2":0,"3":0,"4":0,"5":0,"6":3,"7":0,"8":0,"9":0,"10":0,"11":0,"12":0,"13":3,"14":0,"15":0,"16":0,"17":0,"18":0,"19":3,"20":0,"21":0,"22":0,"23":0,"24":0},"f":{"0":0,"1":0,"2":0,"3":0},"b":{},"_coverageSchema":"1a1c01bbd47fc00a2c39e90264f33305004495a9","hash":"ca41b1a6166b1a58a5644141ad9344691e7bd65b"}
,"C:\\Users\\gksrl\\Desktop\\mohobby-server\\server\\routes\\index.js": {"path":"C:\\Users\\gksrl\\Desktop\\mohobby-server\\server\\routes\\index.js","statementMap":{"0":{"start":{"line":1,"column":16},"end":{"line":1,"column":34}},"1":{"start":{"line":2,"column":15},"end":{"line":2,"column":31}},"2":{"start":{"line":3,"column":46},"end":{"line":3,"column":76}},"3":{"start":{"line":4,"column":52},"end":{"line":4,"column":82}},"4":{"start":{"line":8,"column":32},"end":{"line":8,"column":66}},"5":{"start":{"line":9,"column":24},"end":{"line":9,"column":56}},"6":{"start":{"line":14,"column":0},"end":{"line":16,"column":3}},"7":{"start":{"line":15,"column":4},"end":{"line":15,"column":37}},"8":{"start":{"line":17,"column":0},"end":{"line":17,"column":26}},"9":{"start":{"line":18,"column":0},"end":{"line":18,"column":31}},"10":{"start":{"line":19,"column":0},"end":{"line":19,"column":35}},"11":{"start":{"line":20,"column":0},"end":{"line":20,"column":37}},"12":{"start":{"line":23,"column":0},"end":{"line":23,"column":55}},"13":{"start":{"line":24,"column":0},"end":{"line":24,"column":44}},"14":{"start":{"line":25,"column":0},"end":{"line":25,"column":46}},"15":{"start":{"line":26,"column":0},"end":{"line":26,"column":44}},"16":{"start":{"line":40,"column":0},"end":{"line":40,"column":24}}},"fnMap":{"0":{"name":"(anonymous_0)","decl":{"start":{"line":14,"column":16},"end":{"line":14,"column":17}},"loc":{"start":{"line":14,"column":30},"end":{"line":16,"column":1}},"line":14}},"branchMap":{},"s":{"0":3,"1":3,"2":3,"3":3,"4":3,"5":3,"6":3,"7":0,"8":3,"9":3,"10":3,"11":3,"12":3,"13":3,"14":3,"15":3,"16":3},"f":{"0":0},"b":{},"_coverageSchema":"1a1c01bbd47fc00a2c39e90264f33305004495a9","hash":"a19c3f0aba5c31d08365b7879935200761d0d962"}
,"C:\\Users\\gksrl\\Desktop\\mohobby-server\\server\\services\\UserService.js": {"path":"C:\\Users\\gksrl\\Desktop\\mohobby-server\\server\\services\\UserService.js","statementMap":{"0":{"start":{"line":1,"column":43},"end":{"line":1,"column":69}},"1":{"start":{"line":2,"column":26},"end":{"line":2,"column":56}},"2":{"start":{"line":7,"column":8},"end":{"line":7,"column":21}},"3":{"start":{"line":11,"column":8},"end":{"line":23,"column":9}},"4":{"start":{"line":12,"column":12},"end":{"line":12,"column":46}},"5":{"start":{"line":13,"column":24},"end":{"line":13,"column":59}},"6":{"start":{"line":14,"column":36},"end":{"line":14,"column":81}},"7":{"start":{"line":15,"column":12},"end":{"line":15,"column":99}},"8":{"start":{"line":15,"column":31},"end":{"line":15,"column":99}},"9":{"start":{"line":17,"column":28},"end":{"line":17,"column":54}},"10":{"start":{"line":18,"column":12},"end":{"line":18,"column":93}},"11":{"start":{"line":18,"column":44},"end":{"line":18,"column":93}},"12":{"start":{"line":19,"column":12},"end":{"line":19,"column":44}},"13":{"start":{"line":22,"column":12},"end":{"line":22,"column":31}},"14":{"start":{"line":27,"column":8},"end":{"line":40,"column":9}},"15":{"start":{"line":28,"column":12},"end":{"line":28,"column":64}},"16":{"start":{"line":30,"column":25},"end":{"line":30,"column":60}},"17":{"start":{"line":31,"column":36},"end":{"line":31,"column":82}},"18":{"start":{"line":32,"column":12},"end":{"line":32,"column":98}},"19":{"start":{"line":32,"column":31},"end":{"line":32,"column":98}},"20":{"start":{"line":33,"column":24},"end":{"line":33,"column":80}},"21":{"start":{"line":34,"column":25},"end":{"line":34,"column":55}},"22":{"start":{"line":35,"column":12},"end":{"line":35,"column":70}},"23":{"start":{"line":36,"column":12},"end":{"line":36,"column":55}},"24":{"start":{"line":39,"column":12},"end":{"line":39,"column":31}},"25":{"start":{"line":44,"column":8},"end":{"line":55,"column":9}},"26":{"start":{"line":45,"column":12},"end":{"line":45,"column":42}},"27":{"start":{"line":46,"column":24},"end":{"line":46,"column":59}},"28":{"start":{"line":47,"column":38},"end":{"line":47,"column":83}},"29":{"start":{"line":48,"column":12},"end":{"line":48,"column":72}},"30":{"start":{"line":48,"column":32},"end":{"line":48,"column":72}},"31":{"start":{"line":49,"column":27},"end":{"line":49,"column":78}},"32":{"start":{"line":50,"column":12},"end":{"line":50,"column":67}},"33":{"start":{"line":50,"column":23},"end":{"line":50,"column":67}},"34":{"start":{"line":51,"column":12},"end":{"line":51,"column":52}},"35":{"start":{"line":54,"column":12},"end":{"line":54,"column":31}},"36":{"start":{"line":63,"column":0},"end":{"line":63,"column":29}}},"fnMap":{"0":{"name":"(anonymous_0)","decl":{"start":{"line":6,"column":4},"end":{"line":6,"column":5}},"loc":{"start":{"line":6,"column":20},"end":{"line":8,"column":5}},"line":6},"1":{"name":"(anonymous_1)","decl":{"start":{"line":10,"column":4},"end":{"line":10,"column":5}},"loc":{"start":{"line":10,"column":27},"end":{"line":24,"column":5}},"line":10},"2":{"name":"(anonymous_2)","decl":{"start":{"line":26,"column":4},"end":{"line":26,"column":5}},"loc":{"start":{"line":26,"column":38},"end":{"line":41,"column":5}},"line":26},"3":{"name":"(anonymous_3)","decl":{"start":{"line":43,"column":4},"end":{"line":43,"column":5}},"loc":{"start":{"line":43,"column":33},"end":{"line":56,"column":5}},"line":43},"4":{"name":"(anonymous_4)","decl":{"start":{"line":58,"column":4},"end":{"line":58,"column":5}},"loc":{"start":{"line":58,"column":19},"end":{"line":60,"column":5}},"line":58}},"branchMap":{"0":{"loc":{"start":{"line":15,"column":12},"end":{"line":15,"column":99}},"type":"if","locations":[{"start":{"line":15,"column":12},"end":{"line":15,"column":99}},{"start":{"line":15,"column":12},"end":{"line":15,"column":99}}],"line":15},"1":{"loc":{"start":{"line":18,"column":12},"end":{"line":18,"column":93}},"type":"if","locations":[{"start":{"line":18,"column":12},"end":{"line":18,"column":93}},{"start":{"line":18,"column":12},"end":{"line":18,"column":93}}],"line":18},"2":{"loc":{"start":{"line":32,"column":12},"end":{"line":32,"column":98}},"type":"if","locations":[{"start":{"line":32,"column":12},"end":{"line":32,"column":98}},{"start":{"line":32,"column":12},"end":{"line":32,"column":98}}],"line":32},"3":{"loc":{"start":{"line":48,"column":12},"end":{"line":48,"column":72}},"type":"if","locations":[{"start":{"line":48,"column":12},"end":{"line":48,"column":72}},{"start":{"line":48,"column":12},"end":{"line":48,"column":72}}],"line":48},"4":{"loc":{"start":{"line":50,"column":12},"end":{"line":50,"column":67}},"type":"if","locations":[{"start":{"line":50,"column":12},"end":{"line":50,"column":67}},{"start":{"line":50,"column":12},"end":{"line":50,"column":67}}],"line":50}},"s":{"0":3,"1":3,"2":5,"3":0,"4":0,"5":0,"6":0,"7":0,"8":0,"9":0,"10":0,"11":0,"12":0,"13":0,"14":2,"15":2,"16":2,"17":2,"18":2,"19":1,"20":1,"21":1,"22":1,"23":1,"24":0,"25":3,"26":3,"27":3,"28":3,"29":3,"30":0,"31":3,"32":3,"33":3,"34":0,"35":0,"36":3},"f":{"0":5,"1":0,"2":2,"3":3,"4":0},"b":{"0":[0,0],"1":[0,0],"2":[1,1],"3":[0,3],"4":[3,0]},"_coverageSchema":"1a1c01bbd47fc00a2c39e90264f33305004495a9","hash":"a3d72bb86f0770e0698c5f233763948dbf951fad"}
,"C:\\Users\\gksrl\\Desktop\\mohobby-server\\server\\utils\\authMiddleware.js": {"path":"C:\\Users\\gksrl\\Desktop\\mohobby-server\\server\\utils\\authMiddleware.js","statementMap":{"0":{"start":{"line":1,"column":16},"end":{"line":6,"column":1}},"1":{"start":{"line":3,"column":4},"end":{"line":3,"column":53}},"2":{"start":{"line":4,"column":4},"end":{"line":5,"column":40}},"3":{"start":{"line":4,"column":17},"end":{"line":4,"column":24}},"4":{"start":{"line":5,"column":9},"end":{"line":5,"column":40}},"5":{"start":{"line":8,"column":19},"end":{"line":12,"column":1}},"6":{"start":{"line":9,"column":4},"end":{"line":9,"column":56}},"7":{"start":{"line":10,"column":4},"end":{"line":11,"column":40}},"8":{"start":{"line":10,"column":18},"end":{"line":10,"column":25}},"9":{"start":{"line":11,"column":9},"end":{"line":11,"column":40}},"10":{"start":{"line":14,"column":0},"end":{"line":14,"column":41}}},"fnMap":{"0":{"name":"(anonymous_0)","decl":{"start":{"line":1,"column":16},"end":{"line":1,"column":17}},"loc":{"start":{"line":1,"column":36},"end":{"line":6,"column":1}},"line":1},"1":{"name":"(anonymous_1)","decl":{"start":{"line":8,"column":19},"end":{"line":8,"column":20}},"loc":{"start":{"line":8,"column":39},"end":{"line":12,"column":1}},"line":8}},"branchMap":{"0":{"loc":{"start":{"line":4,"column":4},"end":{"line":5,"column":40}},"type":"if","locations":[{"start":{"line":4,"column":4},"end":{"line":5,"column":40}},{"start":{"line":4,"column":4},"end":{"line":5,"column":40}}],"line":4},"1":{"loc":{"start":{"line":10,"column":4},"end":{"line":11,"column":40}},"type":"if","locations":[{"start":{"line":10,"column":4},"end":{"line":11,"column":40}},{"start":{"line":10,"column":4},"end":{"line":11,"column":40}}],"line":10}},"s":{"0":3,"1":2,"2":2,"3":1,"4":1,"5":3,"6":8,"7":8,"8":6,"9":2,"10":3},"f":{"0":2,"1":8},"b":{"0":[1,1],"1":[6,2]},"_coverageSchema":"1a1c01bbd47fc00a2c39e90264f33305004495a9","hash":"f59e16ee811002a2b2c739177c56df01ac7ad44c"}
,"C:\\Users\\gksrl\\Desktop\\mohobby-server\\server\\utils\\bcrypt.js": {"path":"C:\\Users\\gksrl\\Desktop\\mohobby-server\\server\\utils\\bcrypt.js","statementMap":{"0":{"start":{"line":2,"column":15},"end":{"line":2,"column":32}},"1":{"start":{"line":4,"column":23},"end":{"line":11,"column":1}},"2":{"start":{"line":5,"column":4},"end":{"line":10,"column":5}},"3":{"start":{"line":6,"column":8},"end":{"line":6,"column":47}},"4":{"start":{"line":9,"column":8},"end":{"line":9,"column":27}},"5":{"start":{"line":13,"column":23},"end":{"line":21,"column":1}},"6":{"start":{"line":14,"column":4},"end":{"line":20,"column":5}},"7":{"start":{"line":15,"column":23},"end":{"line":15,"column":64}},"8":{"start":{"line":16,"column":8},"end":{"line":16,"column":22}},"9":{"start":{"line":19,"column":8},"end":{"line":19,"column":27}},"10":{"start":{"line":23,"column":0},"end":{"line":23,"column":52}}},"fnMap":{"0":{"name":"(anonymous_0)","decl":{"start":{"line":4,"column":23},"end":{"line":4,"column":24}},"loc":{"start":{"line":4,"column":43},"end":{"line":11,"column":1}},"line":4},"1":{"name":"(anonymous_1)","decl":{"start":{"line":13,"column":23},"end":{"line":13,"column":24}},"loc":{"start":{"line":13,"column":54},"end":{"line":21,"column":1}},"line":13}},"branchMap":{},"s":{"0":3,"1":3,"2":4,"3":4,"4":0,"5":3,"6":3,"7":3,"8":3,"9":0,"10":3},"f":{"0":4,"1":3},"b":{},"_coverageSchema":"1a1c01bbd47fc00a2c39e90264f33305004495a9","hash":"5d3b87717084b6276b950ba349d7afd6556d9bae"}
,"C:\\Users\\gksrl\\Desktop\\mohobby-server\\server\\utils\\jsonwebtoken.js": {"path":"C:\\Users\\gksrl\\Desktop\\mohobby-server\\server\\utils\\jsonwebtoken.js","statementMap":{"0":{"start":{"line":1,"column":12},"end":{"line":1,"column":35}},"1":{"start":{"line":3,"column":26},"end":{"line":5,"column":1}},"2":{"start":{"line":4,"column":4},"end":{"line":4,"column":79}},"3":{"start":{"line":7,"column":20},"end":{"line":24,"column":1}},"4":{"start":{"line":8,"column":18},"end":{"line":8,"column":42}},"5":{"start":{"line":9,"column":4},"end":{"line":9,"column":71}},"6":{"start":{"line":10,"column":4},"end":{"line":10,"column":60}},"7":{"start":{"line":10,"column":15},"end":{"line":10,"column":60}},"8":{"start":{"line":11,"column":4},"end":{"line":23,"column":5}},"9":{"start":{"line":12,"column":25},"end":{"line":12,"column":66}},"10":{"start":{"line":13,"column":8},"end":{"line":13,"column":28}},"11":{"start":{"line":14,"column":8},"end":{"line":14,"column":39}},"12":{"start":{"line":16,"column":8},"end":{"line":16,"column":15}},"13":{"start":{"line":19,"column":8},"end":{"line":21,"column":9}},"14":{"start":{"line":20,"column":12},"end":{"line":20,"column":57}},"15":{"start":{"line":22,"column":8},"end":{"line":22,"column":46}},"16":{"start":{"line":26,"column":0},"end":{"line":26,"column":52}}},"fnMap":{"0":{"name":"(anonymous_0)","decl":{"start":{"line":3,"column":26},"end":{"line":3,"column":27}},"loc":{"start":{"line":3,"column":35},"end":{"line":5,"column":1}},"line":3},"1":{"name":"(anonymous_1)","decl":{"start":{"line":7,"column":20},"end":{"line":7,"column":21}},"loc":{"start":{"line":7,"column":40},"end":{"line":24,"column":1}},"line":7}},"branchMap":{"0":{"loc":{"start":{"line":10,"column":4},"end":{"line":10,"column":60}},"type":"if","locations":[{"start":{"line":10,"column":4},"end":{"line":10,"column":60}},{"start":{"line":10,"column":4},"end":{"line":10,"column":60}}],"line":10},"1":{"loc":{"start":{"line":19,"column":8},"end":{"line":21,"column":9}},"type":"if","locations":[{"start":{"line":19,"column":8},"end":{"line":21,"column":9}},{"start":{"line":19,"column":8},"end":{"line":21,"column":9}}],"line":19}},"s":{"0":3,"1":3,"2":3,"3":3,"4":0,"5":0,"6":0,"7":0,"8":0,"9":0,"10":0,"11":0,"12":0,"13":0,"14":0,"15":0,"16":3},"f":{"0":3,"1":0},"b":{"0":[0,0],"1":[0,0]},"_coverageSchema":"1a1c01bbd47fc00a2c39e90264f33305004495a9","hash":"10a1c8c54ccf18c103b322d64c71d0e08cbffa30"}
,"C:\\Users\\gksrl\\Desktop\\mohobby-server\\server\\utils\\nodemailer.js": {"path":"C:\\Users\\gksrl\\Desktop\\mohobby-server\\server\\utils\\nodemailer.js","statementMap":{"0":{"start":{"line":1,"column":19},"end":{"line":1,"column":40}},"1":{"start":{"line":3,"column":22},"end":{"line":8,"column":1}},"2":{"start":{"line":5,"column":15},"end":{"line":5,"column":57}},"3":{"start":{"line":6,"column":4},"end":{"line":6,"column":44}},"4":{"start":{"line":6,"column":23},"end":{"line":6,"column":44}},"5":{"start":{"line":7,"column":4},"end":{"line":7,"column":16}},"6":{"start":{"line":10,"column":22},"end":{"line":43,"column":1}},"7":{"start":{"line":11,"column":4},"end":{"line":42,"column":5}},"8":{"start":{"line":12,"column":8},"end":{"line":12,"column":44}},"9":{"start":{"line":13,"column":21},"end":{"line":13,"column":36}},"10":{"start":{"line":14,"column":27},"end":{"line":22,"column":9}},"11":{"start":{"line":23,"column":22},"end":{"line":32,"column":9}},"12":{"start":{"line":33,"column":26},"end":{"line":33,"column":64}},"13":{"start":{"line":34,"column":8},"end":{"line":34,"column":44}},"14":{"start":{"line":35,"column":8},"end":{"line":35,"column":20}},"15":{"start":{"line":39,"column":8},"end":{"line":39,"column":29}},"16":{"start":{"line":40,"column":8},"end":{"line":40,"column":44}},"17":{"start":{"line":41,"column":8},"end":{"line":41,"column":21}},"18":{"start":{"line":44,"column":0},"end":{"line":44,"column":35}}},"fnMap":{"0":{"name":"(anonymous_0)","decl":{"start":{"line":3,"column":22},"end":{"line":3,"column":23}},"loc":{"start":{"line":3,"column":28},"end":{"line":8,"column":1}},"line":3},"1":{"name":"(anonymous_1)","decl":{"start":{"line":10,"column":22},"end":{"line":10,"column":23}},"loc":{"start":{"line":10,"column":39},"end":{"line":43,"column":1}},"line":10}},"branchMap":{"0":{"loc":{"start":{"line":6,"column":4},"end":{"line":6,"column":44}},"type":"if","locations":[{"start":{"line":6,"column":4},"end":{"line":6,"column":44}},{"start":{"line":6,"column":4},"end":{"line":6,"column":44}}],"line":6}},"s":{"0":3,"1":3,"2":0,"3":0,"4":0,"5":0,"6":3,"7":0,"8":0,"9":0,"10":0,"11":0,"12":0,"13":0,"14":0,"15":0,"16":0,"17":0,"18":3},"f":{"0":0,"1":0},"b":{"0":[0,0]},"_coverageSchema":"1a1c01bbd47fc00a2c39e90264f33305004495a9","hash":"e34ab1908469d5e00ef5b28a8c433bc02fb5df30"}
,"C:\\Users\\gksrl\\Desktop\\mohobby-server\\server\\utils\\passport.js": {"path":"C:\\Users\\gksrl\\Desktop\\mohobby-server\\server\\utils\\passport.js","statementMap":{"0":{"start":{"line":1,"column":17},"end":{"line":1,"column":36}},"1":{"start":{"line":2,"column":11},"end":{"line":2,"column":34}},"2":{"start":{"line":3,"column":14},"end":{"line":3,"column":40}},"3":{"start":{"line":6,"column":0},"end":{"line":26,"column":1}},"4":{"start":{"line":7,"column":4},"end":{"line":10,"column":7}},"5":{"start":{"line":8,"column":8},"end":{"line":8,"column":47}},"6":{"start":{"line":9,"column":8},"end":{"line":9,"column":29}},"7":{"start":{"line":12,"column":4},"end":{"line":24,"column":7}},"8":{"start":{"line":13,"column":8},"end":{"line":23,"column":9}},"9":{"start":{"line":14,"column":12},"end":{"line":14,"column":43}},"10":{"start":{"line":15,"column":24},"end":{"line":15,"column":65}},"11":{"start":{"line":16,"column":38},"end":{"line":16,"column":75}},"12":{"start":{"line":17,"column":25},"end":{"line":17,"column":35}},"13":{"start":{"line":18,"column":12},"end":{"line":18,"column":29}},"14":{"start":{"line":21,"column":12},"end":{"line":21,"column":31}},"15":{"start":{"line":22,"column":12},"end":{"line":22,"column":22}},"16":{"start":{"line":25,"column":4},"end":{"line":25,"column":12}}},"fnMap":{"0":{"name":"(anonymous_0)","decl":{"start":{"line":6,"column":17},"end":{"line":6,"column":18}},"loc":{"start":{"line":6,"column":23},"end":{"line":26,"column":1}},"line":6},"1":{"name":"(anonymous_1)","decl":{"start":{"line":7,"column":27},"end":{"line":7,"column":28}},"loc":{"start":{"line":7,"column":43},"end":{"line":10,"column":5}},"line":7},"2":{"name":"(anonymous_2)","decl":{"start":{"line":12,"column":29},"end":{"line":12,"column":30}},"loc":{"start":{"line":12,"column":49},"end":{"line":24,"column":5}},"line":12}},"branchMap":{},"s":{"0":3,"1":3,"2":3,"3":3,"4":3,"5":3,"6":3,"7":3,"8":3,"9":3,"10":3,"11":3,"12":3,"13":3,"14":0,"15":0,"16":3},"f":{"0":3,"1":3,"2":3},"b":{},"_coverageSchema":"1a1c01bbd47fc00a2c39e90264f33305004495a9","hash":"6c628f3cce5fd882d6ff6a74ff766209c07970d9"}
,"C:\\Users\\gksrl\\Desktop\\mohobby-server\\server\\utils\\passportLocal.js": {"path":"C:\\Users\\gksrl\\Desktop\\mohobby-server\\server\\utils\\passportLocal.js","statementMap":{"0":{"start":{"line":3,"column":17},"end":{"line":3,"column":36}},"1":{"start":{"line":4,"column":11},"end":{"line":4,"column":34}},"2":{"start":{"line":5,"column":22},"end":{"line":5,"column":56}},"3":{"start":{"line":6,"column":20},"end":{"line":6,"column":54}},"4":{"start":{"line":8,"column":0},"end":{"line":28,"column":1}},"5":{"start":{"line":9,"column":4},"end":{"line":27,"column":8}},"6":{"start":{"line":13,"column":8},"end":{"line":26,"column":9}},"7":{"start":{"line":14,"column":12},"end":{"line":14,"column":41}},"8":{"start":{"line":15,"column":40},"end":{"line":15,"column":59}},"9":{"start":{"line":16,"column":40},"end":{"line":16,"column":88}},"10":{"start":{"line":17,"column":12},"end":{"line":17,"column":41}},"11":{"start":{"line":18,"column":12},"end":{"line":18,"column":70}},"12":{"start":{"line":18,"column":31},"end":{"line":18,"column":70}},"13":{"start":{"line":19,"column":12},"end":{"line":19,"column":70}},"14":{"start":{"line":19,"column":31},"end":{"line":19,"column":70}},"15":{"start":{"line":21,"column":12},"end":{"line":21,"column":83}},"16":{"start":{"line":21,"column":31},"end":{"line":21,"column":83}},"17":{"start":{"line":24,"column":12},"end":{"line":24,"column":31}},"18":{"start":{"line":25,"column":12},"end":{"line":25,"column":27}}},"fnMap":{"0":{"name":"(anonymous_0)","decl":{"start":{"line":8,"column":17},"end":{"line":8,"column":18}},"loc":{"start":{"line":8,"column":23},"end":{"line":28,"column":1}},"line":8},"1":{"name":"(anonymous_1)","decl":{"start":{"line":12,"column":7},"end":{"line":12,"column":8}},"loc":{"start":{"line":12,"column":40},"end":{"line":27,"column":5}},"line":12}},"branchMap":{"0":{"loc":{"start":{"line":18,"column":12},"end":{"line":18,"column":70}},"type":"if","locations":[{"start":{"line":18,"column":12},"end":{"line":18,"column":70}},{"start":{"line":18,"column":12},"end":{"line":18,"column":70}}],"line":18},"1":{"loc":{"start":{"line":19,"column":12},"end":{"line":19,"column":70}},"type":"if","locations":[{"start":{"line":19,"column":12},"end":{"line":19,"column":70}},{"start":{"line":19,"column":12},"end":{"line":19,"column":70}}],"line":19},"2":{"loc":{"start":{"line":21,"column":12},"end":{"line":21,"column":83}},"type":"if","locations":[{"start":{"line":21,"column":12},"end":{"line":21,"column":83}},{"start":{"line":21,"column":12},"end":{"line":21,"column":83}}],"line":21}},"s":{"0":3,"1":3,"2":3,"3":3,"4":3,"5":3,"6":3,"7":3,"8":3,"9":3,"10":3,"11":3,"12":0,"13":3,"14":0,"15":3,"16":3,"17":0,"18":0},"f":{"0":3,"1":3},"b":{"0":[0,3],"1":[0,3],"2":[3,0]},"_coverageSchema":"1a1c01bbd47fc00a2c39e90264f33305004495a9","hash":"f1392bd480a4a4e86e70940369e28f798d24c9f5"}
,"C:\\Users\\gksrl\\Desktop\\mohobby-server\\server\\utils\\validation.js": {"path":"C:\\Users\\gksrl\\Desktop\\mohobby-server\\server\\utils\\validation.js","statementMap":{"0":{"start":{"line":2,"column":12},"end":{"line":2,"column":32}},"1":{"start":{"line":4,"column":24},"end":{"line":16,"column":1}},"2":{"start":{"line":5,"column":4},"end":{"line":15,"column":5}},"3":{"start":{"line":6,"column":23},"end":{"line":8,"column":10}},"4":{"start":{"line":9,"column":8},"end":{"line":9,"column":41}},"5":{"start":{"line":12,"column":8},"end":{"line":12,"column":27}},"6":{"start":{"line":13,"column":8},"end":{"line":13,"column":41}},"7":{"start":{"line":14,"column":8},"end":{"line":14,"column":27}},"8":{"start":{"line":18,"column":23},"end":{"line":32,"column":1}},"9":{"start":{"line":19,"column":4},"end":{"line":31,"column":5}},"10":{"start":{"line":20,"column":23},"end":{"line":24,"column":10}},"11":{"start":{"line":25,"column":8},"end":{"line":25,"column":41}},"12":{"start":{"line":28,"column":8},"end":{"line":28,"column":27}},"13":{"start":{"line":29,"column":8},"end":{"line":29,"column":41}},"14":{"start":{"line":30,"column":8},"end":{"line":30,"column":27}},"15":{"start":{"line":34,"column":24},"end":{"line":47,"column":1}},"16":{"start":{"line":35,"column":4},"end":{"line":46,"column":5}},"17":{"start":{"line":36,"column":23},"end":{"line":39,"column":10}},"18":{"start":{"line":40,"column":8},"end":{"line":40,"column":41}},"19":{"start":{"line":43,"column":8},"end":{"line":43,"column":27}},"20":{"start":{"line":44,"column":8},"end":{"line":44,"column":42}},"21":{"start":{"line":45,"column":8},"end":{"line":45,"column":27}},"22":{"start":{"line":50,"column":0},"end":{"line":50,"column":70}}},"fnMap":{"0":{"name":"(anonymous_0)","decl":{"start":{"line":4,"column":24},"end":{"line":4,"column":25}},"loc":{"start":{"line":4,"column":40},"end":{"line":16,"column":1}},"line":4},"1":{"name":"(anonymous_1)","decl":{"start":{"line":18,"column":23},"end":{"line":18,"column":24}},"loc":{"start":{"line":18,"column":39},"end":{"line":32,"column":1}},"line":18},"2":{"name":"(anonymous_2)","decl":{"start":{"line":34,"column":24},"end":{"line":34,"column":25}},"loc":{"start":{"line":34,"column":40},"end":{"line":47,"column":1}},"line":34}},"branchMap":{},"s":{"0":3,"1":3,"2":0,"3":0,"4":0,"5":0,"6":0,"7":0,"8":3,"9":2,"10":2,"11":2,"12":0,"13":0,"14":0,"15":3,"16":4,"17":4,"18":4,"19":1,"20":1,"21":1,"22":3},"f":{"0":0,"1":2,"2":4},"b":{},"_coverageSchema":"1a1c01bbd47fc00a2c39e90264f33305004495a9","hash":"8f04fffc99d5fa80a5a9e5694865b743740f6435"}
}
