TN:
SF:server.js
FN:21,(anonymous_0)
FN:26,(anonymous_1)
FN:57,(anonymous_2)
FN:64,(anonymous_3)
FNF:4
FNH:2
FNDA:3,(anonymous_0)
FNDA:3,(anonymous_1)
FNDA:0,(anonymous_2)
FNDA:0,(anonymous_3)
DA:1,3
DA:2,3
DA:3,3
DA:4,3
DA:5,3
DA:6,3
DA:7,3
DA:8,3
DA:9,3
DA:10,3
DA:11,3
DA:13,3
DA:14,3
DA:16,3
DA:18,3
DA:19,3
DA:21,3
DA:22,3
DA:23,3
DA:26,3
DA:27,3
DA:32,0
DA:36,3
DA:37,3
DA:38,3
DA:39,3
DA:40,3
DA:41,3
DA:42,3
DA:51,3
DA:52,3
DA:55,3
DA:57,3
DA:59,0
DA:64,3
DA:65,0
DA:66,0
DA:69,3
LF:38
LH:34
BRDA:22,0,0,0
BRDA:22,0,1,3
BRF:2
BRH:1
end_of_record
TN:
SF:config\db.js
FNF:0
FNH:0
DA:1,3
DA:2,3
DA:13,3
DA:22,3
LF:4
LH:4
BRF:0
BRH:0
end_of_record
TN:
SF:config\table.js
FN:80,(anonymous_0)
FN:93,(anonymous_1)
FNF:2
FNH:2
FNDA:3,(anonymous_0)
FNDA:3,(anonymous_1)
DA:5,3
DA:6,3
DA:8,3
DA:9,3
DA:10,3
DA:11,3
DA:12,3
DA:14,3
DA:26,3
DA:37,3
DA:45,3
DA:62,3
DA:80,3
DA:81,3
DA:82,3
DA:83,3
DA:84,3
DA:85,3
DA:86,3
DA:89,0
DA:93,3
DA:94,3
DA:95,3
DA:96,3
DA:97,3
DA:98,3
DA:99,3
DA:101,3
DA:102,3
DA:103,3
DA:106,0
LF:31
LH:29
BRF:0
BRH:0
end_of_record
TN:
SF:controllers\auth.js
FN:8,(anonymous_0)
FN:24,(anonymous_1)
FN:40,(anonymous_2)
FN:51,(anonymous_3)
FN:57,(anonymous_4)
FN:69,(anonymous_5)
FNF:6
FNH:5
FNDA:0,(anonymous_0)
FNDA:2,(anonymous_1)
FNDA:4,(anonymous_2)
FNDA:3,(anonymous_3)
FNDA:3,(anonymous_4)
FNDA:1,(anonymous_5)
DA:1,3
DA:2,3
DA:4,3
DA:5,3
DA:6,3
DA:8,3
DA:9,0
DA:10,0
DA:11,0
DA:12,0
DA:13,0
DA:15,0
DA:16,0
DA:17,0
DA:20,0
DA:24,3
DA:25,2
DA:26,2
DA:27,2
DA:28,2
DA:29,2
DA:31,2
DA:32,2
DA:33,2
DA:36,0
DA:40,3
DA:41,4
DA:42,4
DA:43,4
DA:44,4
DA:45,4
DA:48,0
DA:51,3
DA:52,3
DA:53,0
DA:54,0
DA:56,3
DA:57,3
DA:58,3
DA:59,3
DA:60,3
DA:69,3
DA:70,1
DA:71,1
DA:72,1
DA:73,1
DA:74,1
DA:77,0
LF:48
LH:34
BRDA:13,0,0,0
BRDA:13,0,1,0
BRDA:29,1,0,0
BRDA:29,1,1,2
BRDA:45,2,0,1
BRDA:45,2,1,3
BRDA:52,3,0,0
BRDA:52,3,1,3
BRDA:56,4,0,0
BRDA:56,4,1,3
BRDA:58,5,0,0
BRDA:58,5,1,3
BRF:12
BRH:6
end_of_record
TN:
SF:controllers\exam.js
FN:3,(anonymous_0)
FN:13,(anonymous_1)
FN:25,(anonymous_2)
FN:36,(anonymous_3)
FNF:4
FNH:0
FNDA:0,(anonymous_0)
FNDA:0,(anonymous_1)
FNDA:0,(anonymous_2)
FNDA:0,(anonymous_3)
DA:1,3
DA:3,3
DA:4,0
DA:5,0
DA:6,0
DA:9,0
DA:13,3
DA:14,0
DA:15,0
DA:16,0
DA:17,0
DA:18,0
DA:21,0
DA:25,3
DA:26,0
DA:27,0
DA:28,0
DA:29,0
DA:32,0
DA:36,3
DA:37,0
DA:38,0
DA:39,0
DA:40,0
DA:43,0
LF:25
LH:5
BRF:0
BRH:0
end_of_record
TN:
SF:routes\index.js
FN:14,(anonymous_0)
FNF:1
FNH:0
FNDA:0,(anonymous_0)
DA:1,3
DA:2,3
DA:3,3
DA:4,3
DA:8,3
DA:9,3
DA:14,3
DA:15,0
DA:17,3
DA:18,3
DA:19,3
DA:20,3
DA:23,3
DA:24,3
DA:25,3
DA:26,3
DA:40,3
LF:17
LH:16
BRF:0
BRH:0
end_of_record
TN:
SF:services\UserService.js
FN:6,(anonymous_0)
FN:10,(anonymous_1)
FN:26,(anonymous_2)
FN:43,(anonymous_3)
FN:58,(anonymous_4)
FNF:5
FNH:3
FNDA:5,(anonymous_0)
FNDA:0,(anonymous_1)
FNDA:2,(anonymous_2)
FNDA:3,(anonymous_3)
FNDA:0,(anonymous_4)
DA:1,3
DA:2,3
DA:7,5
DA:11,0
DA:12,0
DA:13,0
DA:14,0
DA:15,0
DA:17,0
DA:18,0
DA:19,0
DA:22,0
DA:27,2
DA:28,2
DA:30,2
DA:31,2
DA:32,2
DA:33,1
DA:34,1
DA:35,1
DA:36,1
DA:39,0
DA:44,3
DA:45,3
DA:46,3
DA:47,3
DA:48,3
DA:49,3
DA:50,3
DA:51,0
DA:54,0
DA:63,3
LF:32
LH:20
BRDA:15,0,0,0
BRDA:15,0,1,0
BRDA:18,1,0,0
BRDA:18,1,1,0
BRDA:32,2,0,1
BRDA:32,2,1,1
BRDA:48,3,0,0
BRDA:48,3,1,3
BRDA:50,4,0,3
BRDA:50,4,1,0
BRF:10
BRH:4
end_of_record
TN:
SF:utils\authMiddleware.js
FN:1,(anonymous_0)
FN:8,(anonymous_1)
FNF:2
FNH:2
FNDA:2,(anonymous_0)
FNDA:8,(anonymous_1)
DA:1,3
DA:3,2
DA:4,2
DA:5,1
DA:8,3
DA:9,8
DA:10,8
DA:11,2
DA:14,3
LF:9
LH:9
BRDA:4,0,0,1
BRDA:4,0,1,1
BRDA:10,1,0,6
BRDA:10,1,1,2
BRF:4
BRH:4
end_of_record
TN:
SF:utils\bcrypt.js
FN:4,(anonymous_0)
FN:13,(anonymous_1)
FNF:2
FNH:2
FNDA:4,(anonymous_0)
FNDA:3,(anonymous_1)
DA:2,3
DA:4,3
DA:5,4
DA:6,4
DA:9,0
DA:13,3
DA:14,3
DA:15,3
DA:16,3
DA:19,0
DA:23,3
LF:11
LH:9
BRF:0
BRH:0
end_of_record
TN:
SF:utils\jsonwebtoken.js
FN:3,(anonymous_0)
FN:7,(anonymous_1)
FNF:2
FNH:1
FNDA:3,(anonymous_0)
FNDA:0,(anonymous_1)
DA:1,3
DA:3,3
DA:4,3
DA:7,3
DA:8,0
DA:9,0
DA:10,0
DA:11,0
DA:12,0
DA:13,0
DA:14,0
DA:16,0
DA:19,0
DA:20,0
DA:22,0
DA:26,3
LF:16
LH:5
BRDA:10,0,0,0
BRDA:10,0,1,0
BRDA:19,1,0,0
BRDA:19,1,1,0
BRF:4
BRH:0
end_of_record
TN:
SF:utils\nodemailer.js
FN:3,(anonymous_0)
FN:10,(anonymous_1)
FNF:2
FNH:0
FNDA:0,(anonymous_0)
FNDA:0,(anonymous_1)
DA:1,3
DA:3,3
DA:5,0
DA:6,0
DA:7,0
DA:10,3
DA:11,0
DA:12,0
DA:13,0
DA:14,0
DA:23,0
DA:33,0
DA:34,0
DA:35,0
DA:39,0
DA:40,0
DA:41,0
DA:44,3
LF:18
LH:4
BRDA:6,0,0,0
BRDA:6,0,1,0
BRF:2
BRH:0
end_of_record
TN:
SF:utils\passport.js
FN:6,(anonymous_0)
FN:7,(anonymous_1)
FN:12,(anonymous_2)
FNF:3
FNH:3
FNDA:3,(anonymous_0)
FNDA:3,(anonymous_1)
FNDA:3,(anonymous_2)
DA:1,3
DA:2,3
DA:3,3
DA:6,3
DA:7,3
DA:8,3
DA:9,3
DA:12,3
DA:13,3
DA:14,3
DA:15,3
DA:16,3
DA:17,3
DA:18,3
DA:21,0
DA:22,0
DA:25,3
LF:17
LH:15
BRF:0
BRH:0
end_of_record
TN:
SF:utils\passportLocal.js
FN:8,(anonymous_0)
FN:12,(anonymous_1)
FNF:2
FNH:2
FNDA:3,(anonymous_0)
FNDA:3,(anonymous_1)
DA:3,3
DA:4,3
DA:5,3
DA:6,3
DA:8,3
DA:9,3
DA:13,3
DA:14,3
DA:15,3
DA:16,3
DA:17,3
DA:18,3
DA:19,3
DA:21,3
DA:24,0
DA:25,0
LF:16
LH:14
BRDA:18,0,0,0
BRDA:18,0,1,3
BRDA:19,1,0,0
BRDA:19,1,1,3
BRDA:21,2,0,3
BRDA:21,2,1,0
BRF:6
BRH:3
end_of_record
TN:
SF:utils\validation.js
FN:4,(anonymous_0)
FN:18,(anonymous_1)
FN:34,(anonymous_2)
FNF:3
FNH:2
FNDA:0,(anonymous_0)
FNDA:2,(anonymous_1)
FNDA:4,(anonymous_2)
DA:2,3
DA:4,3
DA:5,0
DA:6,0
DA:9,0
DA:12,0
DA:13,0
DA:14,0
DA:18,3
DA:19,2
DA:20,2
DA:25,2
DA:28,0
DA:29,0
DA:30,0
DA:34,3
DA:35,4
DA:36,4
DA:40,4
DA:43,1
DA:44,1
DA:45,1
DA:50,3
LF:23
LH:14
BRF:0
BRH:0
end_of_record
